This is pdfTeX, Version 3.1415926-2.4-1.40.13 (TeX Live 2012) (format=pdflatex 2012.6.30)  11 FEB 2013 20:20
entering extended mode
 \write18 enabled.
 file:line:error style messages enabled.
 %&-line parsing enabled.
**abls.tex
(./abls.tex
LaTeX2e <2011/06/27>
Babel <v3.8m> and hyphenation patterns for english, dumylang, nohyphenation, ge
rman-x-2012-05-30, ngerman-x-2012-05-30, afrikaans, ancientgreek, ibycus, arabi
c, armenian, basque, bulgarian, catalan, pinyin, coptic, croatian, czech, danis
h, dutch, ukenglish, usenglishmax, esperanto, estonian, ethiopic, farsi, finnis
h, french, friulan, galician, german, ngerman, swissgerman, monogreek, greek, h
ungarian, icelandic, assamese, bengali, gujarati, hindi, kannada, malayalam, ma
rathi, oriya, panjabi, tamil, telugu, indonesian, interlingua, irish, italian, 
kurmanji, latin, latvian, lithuanian, mongolian, mongolianlmc, bokmal, nynorsk,
 polish, portuguese, romanian, romansh, russian, sanskrit, serbian, serbianc, s
lovak, slovenian, spanish, swedish, turkish, turkmen, ukrainian, uppersorbian, 
welsh, loaded.
(./sig-alternate.cls
(/usr/local/texlive/2012/texmf-dist/tex/latex/graphics/epsfig.sty
Package: epsfig 1999/02/16 v1.7a (e)psfig emulation (SPQR)

(/usr/local/texlive/2012/texmf-dist/tex/latex/graphics/graphicx.sty
Package: graphicx 1999/02/16 v1.0f Enhanced LaTeX Graphics (DPC,SPQR)

(/usr/local/texlive/2012/texmf-dist/tex/latex/graphics/keyval.sty
Package: keyval 1999/03/16 v1.13 key=value parser (DPC)
\KV@toks@=\toks14
)
(/usr/local/texlive/2012/texmf-dist/tex/latex/graphics/graphics.sty
Package: graphics 2009/02/05 v1.0o Standard LaTeX Graphics (DPC,SPQR)

(/usr/local/texlive/2012/texmf-dist/tex/latex/graphics/trig.sty
Package: trig 1999/03/16 v1.09 sin cos tan (DPC)
)
(/usr/local/texlive/2012/texmf-dist/tex/latex/latexconfig/graphics.cfg
File: graphics.cfg 2010/04/23 v1.9 graphics configuration of TeX Live
)
Package graphics Info: Driver file: pdftex.def on input line 91.

(/usr/local/texlive/2012/texmf-dist/tex/latex/pdftex-def/pdftex.def
File: pdftex.def 2011/05/27 v0.06d Graphics/color for pdfTeX

(/usr/local/texlive/2012/texmf-dist/tex/generic/oberdiek/infwarerr.sty
Package: infwarerr 2010/04/08 v1.3 Providing info/warning/error messages (HO)
)
(/usr/local/texlive/2012/texmf-dist/tex/generic/oberdiek/ltxcmds.sty
Package: ltxcmds 2011/11/09 v1.22 LaTeX kernel commands for general use (HO)
)
\Gread@gobject=\count79
))
\Gin@req@height=\dimen102
\Gin@req@width=\dimen103
)
\epsfxsize=\dimen104
\epsfysize=\dimen105
)
(/usr/local/texlive/2012/texmf-dist/tex/latex/amsfonts/amssymb.sty
Package: amssymb 2009/06/22 v3.00

(/usr/local/texlive/2012/texmf-dist/tex/latex/amsfonts/amsfonts.sty
Package: amsfonts 2009/06/22 v3.00 Basic AMSFonts support
\@emptytoks=\toks15
\symAMSa=\mathgroup4
\symAMSb=\mathgroup5
LaTeX Font Info:    Overwriting math alphabet `\mathfrak' in version `bold'
(Font)                  U/euf/m/n --> U/euf/b/n on input line 96.
))
(/usr/local/texlive/2012/texmf-dist/tex/latex/amsmath/amsmath.sty
Package: amsmath 2000/07/18 v2.13 AMS math features
\@mathmargin=\skip41

For additional information on amsmath, use the `?' option.
(/usr/local/texlive/2012/texmf-dist/tex/latex/amsmath/amstext.sty
Package: amstext 2000/06/29 v2.01

(/usr/local/texlive/2012/texmf-dist/tex/latex/amsmath/amsgen.sty
File: amsgen.sty 1999/11/30 v2.0
\@emptytoks=\toks16
\ex@=\dimen106
))
(/usr/local/texlive/2012/texmf-dist/tex/latex/amsmath/amsbsy.sty
Package: amsbsy 1999/11/29 v1.2d
\pmbraise@=\dimen107
)
(/usr/local/texlive/2012/texmf-dist/tex/latex/amsmath/amsopn.sty
Package: amsopn 1999/12/14 v2.01 operator names
)
\inf@bad=\count80
LaTeX Info: Redefining \frac on input line 211.
\uproot@=\count81
\leftroot@=\count82
LaTeX Info: Redefining \overline on input line 307.
\classnum@=\count83
\DOTSCASE@=\count84
LaTeX Info: Redefining \ldots on input line 379.
LaTeX Info: Redefining \dots on input line 382.
LaTeX Info: Redefining \cdots on input line 467.
\Mathstrutbox@=\box26
\strutbox@=\box27
\big@size=\dimen108
LaTeX Font Info:    Redeclaring font encoding OML on input line 567.
LaTeX Font Info:    Redeclaring font encoding OMS on input line 568.
\macc@depth=\count85
\c@MaxMatrixCols=\count86
\dotsspace@=\muskip10
\c@parentequation=\count87
\dspbrk@lvl=\count88
\tag@help=\toks17
\row@=\count89
\column@=\count90
\maxfields@=\count91
\andhelp@=\toks18
\eqnshift@=\dimen109
\alignsep@=\dimen110
\tagshift@=\dimen111
\tagwidth@=\dimen112
\totwidth@=\dimen113
\lineht@=\dimen114
\@envbody=\toks19
\multlinegap=\skip42
\multlinetaggap=\skip43
\mathdisplay@stack=\toks20
LaTeX Info: Redefining \[ on input line 2666.
LaTeX Info: Redefining \] on input line 2667.
)
Document Class 'sig-alternate' <22nd. April '09>. Modified by G.K.M. Tobin/Gerr
y Murray
Based in part upon document Style `acmconf' <22 May 89>. Hacked 4/91 by
shivers@cs.cmu.edu, 4/93 by theobald@cs.mcgill.ca
Excerpts were taken from (Journal Style) 'esub2acm.cls'.
****** Bugs/comments/suggestions/technicalities to Gerry Murray -- murray@hq.ac
m.org ******
Questions on the style, SIGS policies, etc. to Adrienne Griscti griscti@acm.org

\footheight=\dimen115
\@maxsep=\dimen116
\@dblmaxsep=\dimen117
\aucount=\count92
\originalaucount=\count93
\auwidth=\dimen118
\auskip=\dimen119
\auskipcount=\count94
\auskip=\dimen120
\allauboxes=\dimen121
\addauthors=\toks21
\addauflag=\count95
\subtitletext=\toks22
\savesection=\count96
\sectioncntr=\count97
\c@figure=\count98
\c@table=\count99
\titleboxnotes=\toks23
\titleboxnoteflag=\count100
Document Class: sig-alternate 2009/04/22 - V2.4 - based on acmproc.cls V1.3 <No
v. 30 '99>
(/usr/local/texlive/2012/texmf-dist/tex/latex/base/latexsym.sty
Package: latexsym 1998/08/17 v2.2e Standard LaTeX package (lasy symbols)
\symlasy=\mathgroup6
LaTeX Font Info:    Overwriting symbol font `lasy' in version `bold'
(Font)                  U/lasy/m/n --> U/lasy/b/n on input line 47.
)
\@acmtitlebox=\box28
\titlenotecount=\count101
\tntoks=\toks24
\tntokstwo=\toks25
\tntoksthree=\toks26
\tntoksfour=\toks27
\tntoksfive=\toks28
\catcount=\count102
\copyrightnotice=\toks29
\conf=\toks30
\confinfo=\toks31
\c@part=\count103
\c@section=\count104
\c@subsection=\count105
\c@subsubsection=\count106
\c@paragraph=\count107

Using 'Abbrev' bibliography style
LaTeX Info: Redefining \cite on input line 1211.
\bibindent=\dimen122
\colcntr=\count108
\saveb@x=\box29
\copyrtyr=\toks32
\acmcopyr=\toks33
\boilerplate=\toks34
\copyrightetc=\toks35
(/usr/local/texlive/2012/texmf-dist/tex/latex/base/fontenc.sty
Package: fontenc 2005/09/27 v1.99g Standard LaTeX package

(/usr/local/texlive/2012/texmf-dist/tex/latex/base/t1enc.def
File: t1enc.def 2005/09/27 v1.99g Standard LaTeX file
LaTeX Font Info:    Redeclaring font encoding T1 on input line 43.
)
LaTeX Font Info:    Try loading font information for T1+aer on input line 100.

(/usr/local/texlive/2012/texmf-dist/tex/latex/ae/t1aer.fd
File: t1aer.fd 1997/11/16 Font definitions for T1/aer.
)))
(/usr/local/texlive/2012/texmf-dist/tex/latex/url/url.sty
\Urlmuskip=\muskip11
Package: url 2006/04/12  ver 3.3  Verb mode for urls, etc.
)
(/usr/local/texlive/2012/texmf-dist/tex/latex/graphics/color.sty
Package: color 2005/11/14 v1.0j Standard LaTeX Color (DPC)

(/usr/local/texlive/2012/texmf-dist/tex/latex/latexconfig/color.cfg
File: color.cfg 2007/01/18 v1.5 color configuration of teTeX/TeXLive
)
Package color Info: Driver file: pdftex.def on input line 130.
)
(/usr/local/texlive/2012/texmf-dist/tex/latex/tools/enumerate.sty
Package: enumerate 1999/03/05 v3.00 enumerate extensions (DPC)
\@enLab=\toks36
)
(/usr/local/texlive/2012/texmf-dist/tex/latex/preprint/balance.sty
Package: balance 1999/02/23 4.3 (PWD)
\oldvsize=\dimen123
)
(/usr/local/texlive/2012/texmf-dist/tex/latex/tools/verbatim.sty
Package: verbatim 2003/08/22 v1.5q LaTeX2e package for verbatim enhancements
\every@verbatim=\toks37
\verbatim@line=\toks38
\verbatim@in@stream=\read1
)
(/usr/local/texlive/2012/texmf-dist/tex/latex/enumitem/enumitem.sty
Package: enumitem 2011/09/28 v3.5.2 Customized lists
\labelindent=\skip44
\enit@outerparindent=\dimen124
\enit@toks=\toks39
\enit@inbox=\box30
\enitdp@description=\count109
)
(/usr/local/texlive/2012/texmf-dist/tex/latex/xcolor/xcolor.sty
Package: xcolor 2007/01/21 v2.11 LaTeX color extensions (UK)

(/usr/local/texlive/2012/texmf-dist/tex/latex/latexconfig/color.cfg
File: color.cfg 2007/01/18 v1.5 color configuration of teTeX/TeXLive
)
Package xcolor Info: Driver file: pdftex.def on input line 225.

(/usr/local/texlive/2012/texmf-dist/tex/latex/colortbl/colortbl.sty
Package: colortbl 2012/02/13 v1.0a Color table columns (DPC)

(/usr/local/texlive/2012/texmf-dist/tex/latex/tools/array.sty
Package: array 2008/09/09 v2.4c Tabular extension package (FMi)
\col@sep=\dimen125
\extrarowheight=\dimen126
\NC@list=\toks40
\extratabsurround=\skip45
\backup@length=\skip46
)
\everycr=\toks41
\minrowclearance=\skip47
)
LaTeX Info: Redefining \color on input line 702.
\rownum=\count110
Package xcolor Info: Model `cmy' substituted by `cmy0' on input line 1337.
Package xcolor Info: Model `hsb' substituted by `rgb' on input line 1341.
Package xcolor Info: Model `RGB' extended on input line 1353.
Package xcolor Info: Model `HTML' substituted by `rgb' on input line 1355.
Package xcolor Info: Model `Hsb' substituted by `hsb' on input line 1356.
Package xcolor Info: Model `tHsb' substituted by `hsb' on input line 1357.
Package xcolor Info: Model `HSB' substituted by `hsb' on input line 1358.
Package xcolor Info: Model `Gray' substituted by `gray' on input line 1359.
Package xcolor Info: Model `wave' substituted by `hsb' on input line 1360.
)
(/usr/local/texlive/2012/texmf-dist/tex/latex/tools/multicol.sty
Package: multicol 2011/06/27 v1.7a multicolumn formatting (FMi)
\c@tracingmulticols=\count111
\mult@box=\box31
\multicol@leftmargin=\dimen127
\c@unbalance=\count112
\c@collectmore=\count113
\doublecol@number=\count114
\multicoltolerance=\count115
\multicolpretolerance=\count116
\full@width=\dimen128
\page@free=\dimen129
\premulticols=\dimen130
\postmulticols=\dimen131
\multicolsep=\skip48
\multicolbaselineskip=\skip49
\partial@page=\box32
\last@line=\box33
\mult@rightbox=\box34
\mult@grightbox=\box35
\mult@gfirstbox=\box36
\mult@firstbox=\box37
\@tempa=\box38
\@tempa=\box39
\@tempa=\box40
\@tempa=\box41
\@tempa=\box42
\@tempa=\box43
\@tempa=\box44
\@tempa=\box45
\@tempa=\box46
\@tempa=\box47
\@tempa=\box48
\@tempa=\box49
\@tempa=\box50
\@tempa=\box51
\@tempa=\box52
\@tempa=\box53
\@tempa=\box54
\c@columnbadness=\count117
\c@finalcolumnbadness=\count118
\last@try=\dimen132
\multicolovershoot=\dimen133
\multicolundershoot=\dimen134
\mult@nat@firstbox=\box55
\colbreak@box=\box56
\multicol@sort@counter=\count119
)
(/usr/local/texlive/2012/texmf-dist/tex/latex/multirow/multirow.sty
\bigstrutjot=\dimen135
)
(/usr/local/texlive/2012/texmf-dist/tex/latex/subfig/subfig.sty
Package: subfig 2005/06/28 ver: 1.3 subfig package

(/usr/local/texlive/2012/texmf-dist/tex/latex/caption/caption.sty
Package: caption 2012/02/19 v3.2f Customizing captions (AR)

(/usr/local/texlive/2012/texmf-dist/tex/latex/caption/caption3.sty
Package: caption3 2012/01/12 v1.4b caption3 kernel (AR)
\captionmargin=\dimen136
\captionmargin@=\dimen137
\captionwidth=\dimen138
\caption@indent=\dimen139
\caption@parindent=\dimen140
\caption@hangindent=\dimen141
\abovecaptionskip=\skip50
\belowcaptionskip=\skip51
Package caption Info: Unknown document class (or package),
(caption)             standard defaults will be used.
)

Package caption Warning: Unsupported document class (or package) detected,
(caption)                usage of the caption package is not recommended.
See the caption package documentation for explanation.

Package caption Info: \@makecaption = \long macro:#1#2-> \vskip 10pt \setbox \@
tempboxa \hbox {\textbf {#1: #2}} \ifdim \wd \@tempboxa >\hsize \textbf {#1: #2
}\par \else \hbox to\hsize {\hfil \box \@tempboxa \hfil } \fi .
\c@ContinuedFloat=\count120
)
\c@KVtest=\count121
\sf@farskip=\skip52
\sf@captopadj=\dimen142
\sf@capskip=\skip53
\sf@nearskip=\skip54
\c@subfigure=\count122
\c@subfigure@save=\count123
\c@lofdepth=\count124
\c@subtable=\count125
\c@subtable@save=\count126
\c@lotdepth=\count127
\sf@top=\skip55
\sf@bottom=\skip56
) (/usr/local/texlive/2012/texmf-dist/tex/latex/tools/dcolumn.sty
Package: dcolumn 2001/05/28 v1.06 decimal alignment package (DPC)
)
(/usr/local/texlive/2012/texmf-dist/tex/latex/psnfss/palatino.sty
Package: palatino 2005/04/12 PSNFSS-v9.2a (SPQR) 
)
(/usr/local/texlive/2012/texmf-dist/tex/latex/bbm-macros/bbm.sty
Package: bbm 1999/03/15 V 1.2 provides fonts for set symbols - TH
LaTeX Font Info:    Overwriting math alphabet `\mathbbm' in version `bold'
(Font)                  U/bbm/m/n --> U/bbm/bx/n on input line 33.
LaTeX Font Info:    Overwriting math alphabet `\mathbbmss' in version `bold'
(Font)                  U/bbmss/m/n --> U/bbmss/bx/n on input line 35.
)
(/usr/local/texlive/2012/texmf-dist/tex/latex/algorithms/algorithm.sty
Package: algorithm 2009/08/24 v0.1 Document Style `algorithm' - floating enviro
nment

(/usr/local/texlive/2012/texmf-dist/tex/latex/float/float.sty
Package: float 2001/11/08 v1.3d Float enhancements (AL)
\c@float@type=\count128
\float@exts=\toks42
\float@box=\box57
\@float@everytoks=\toks43
\@floatcapt=\box58
)
(/usr/local/texlive/2012/texmf-dist/tex/latex/base/ifthen.sty
Package: ifthen 2001/05/26 v1.1c Standard LaTeX ifthen package (DPC)
)
\@float@every@algorithm=\toks44
\c@algorithm=\count129
)
(/usr/local/texlive/2012/texmf-dist/tex/latex/algorithms/algorithmic.sty
Package: algorithmic 2009/08/24 v0.1 Document Style `algorithmic'
\c@ALC@unique=\count130
\c@ALC@line=\count131
\c@ALC@rem=\count132
\c@ALC@depth=\count133
\ALC@tlm=\skip57
\algorithmicindent=\skip58
)
(/usr/local/texlive/2012/texmf-dist/tex/latex/fancybox/fancybox.sty
Package: fancybox 2010/05/15 1.4

Style option: `fancybox' v1.4 <2010/05/15> (tvz)
\@fancybox=\box59
\shadowsize=\dimen143
\@Sbox=\box60
\do@VerbBox=\toks45
\the@fancyput=\toks46
\this@fancyput=\toks47
\EndVerbatimTokens=\toks48
\Verbatim@Outfile=\write3
\Verbatim@Infile=\read2
) (/usr/local/texlive/2012/texmf-dist/tex/latex/fancyvrb/fancyvrb.sty
Package: fancyvrb 2008/02/07

Style option: `fancyvrb' v2.7a, with DG/SPQR fixes, and firstline=lastline fix 
<2008/02/07> (tvz)
\FV@CodeLineNo=\count134
\FV@InFile=\read3
\FV@TabBox=\box61
\c@FancyVerbLine=\count135
\FV@StepNumber=\count136
\FV@OutFile=\write4
)
(/usr/local/texlive/2012/texmf-dist/tex/latex/listings/listings.sty
\lst@mode=\count137
\lst@gtempboxa=\box62
\lst@token=\toks49
\lst@length=\count138
\lst@currlwidth=\dimen144
\lst@column=\count139
\lst@pos=\count140
\lst@lostspace=\dimen145
\lst@width=\dimen146
\lst@newlines=\count141
\lst@lineno=\count142
\lst@maxwidth=\dimen147

(/usr/local/texlive/2012/texmf-dist/tex/latex/listings/lstmisc.sty
File: lstmisc.sty 2007/02/22 1.4 (Carsten Heinz)
\c@lstnumber=\count143
\lst@skipnumbers=\count144
\lst@framebox=\box63
)
(/usr/local/texlive/2012/texmf-dist/tex/latex/listings/listings.cfg
File: listings.cfg 2007/02/22 1.4 listings configuration
))
Package: listings 2007/02/22 1.4 (Carsten Heinz)

(/usr/local/texlive/2012/texmf-dist/tex/latex/mh/mathtools.sty
Package: mathtools 2012/04/24 v1.12 mathematical typesetting tools

(/usr/local/texlive/2012/texmf-dist/tex/latex/tools/calc.sty
Package: calc 2007/08/22 v4.3 Infix arithmetic (KKT,FJ)
\calc@Acount=\count145
\calc@Bcount=\count146
\calc@Adimen=\dimen148
\calc@Bdimen=\dimen149
\calc@Askip=\skip59
\calc@Bskip=\skip60
LaTeX Info: Redefining \setlength on input line 76.
LaTeX Info: Redefining \addtolength on input line 77.
\calc@Ccount=\count147
\calc@Cskip=\skip61
)
(/usr/local/texlive/2012/texmf-dist/tex/latex/mh/mhsetup.sty
Package: mhsetup 2010/01/21 v1.2a programming setup (MH)
)
\g_MT_multlinerow_int=\count148
\l_MT_multwidth_dim=\dimen150
\origjot=\skip62
\l_MT_shortvdotswithinadjustabove_dim=\dimen151
\l_MT_shortvdotswithinadjustbelow_dim=\dimen152
\l_MT_above_intertext_dim=\dimen153
\l_MT_below_intertext_dim=\dimen154
\l_MT_above_shortintertext_dim=\dimen155
\l_MT_below_shortintertext_dim=\dimen156
) (./abls.aux)
\openout1 = `abls.aux'.

LaTeX Font Info:    Checking defaults for OML/cmm/m/it on input line 34.
LaTeX Font Info:    ... okay on input line 34.
LaTeX Font Info:    Checking defaults for T1/cmr/m/n on input line 34.
LaTeX Font Info:    ... okay on input line 34.
LaTeX Font Info:    Checking defaults for OT1/cmr/m/n on input line 34.
LaTeX Font Info:    ... okay on input line 34.
LaTeX Font Info:    Checking defaults for OMS/cmsy/m/n on input line 34.
LaTeX Font Info:    ... okay on input line 34.
LaTeX Font Info:    Checking defaults for OMX/cmex/m/n on input line 34.
LaTeX Font Info:    ... okay on input line 34.
LaTeX Font Info:    Checking defaults for U/cmr/m/n on input line 34.
LaTeX Font Info:    ... okay on input line 34.
LaTeX Font Info:    Try loading font information for T1+ppl on input line 34.

(/usr/local/texlive/2012/texmf-dist/tex/latex/psnfss/t1ppl.fd
File: t1ppl.fd 2001/06/04 font definitions for T1/ppl.
)
(/usr/local/texlive/2012/texmf-dist/tex/context/base/supp-pdf.mkii
[Loading MPS to PDF converter (version 2006.09.02).]
\scratchcounter=\count149
\scratchdimen=\dimen157
\scratchbox=\box64
\nofMPsegments=\count150
\nofMParguments=\count151
\everyMPshowfont=\toks50
\MPscratchCnt=\count152
\MPscratchDim=\dimen158
\MPnumerator=\count153
\makeMPintoPDFobject=\count154
\everyMPtoPDFconversion=\toks51
) (/usr/local/texlive/2012/texmf-dist/tex/generic/oberdiek/pdftexcmds.sty
Package: pdftexcmds 2011/11/29 v0.20 Utility functions of pdfTeX for LuaTeX (HO
)

(/usr/local/texlive/2012/texmf-dist/tex/generic/oberdiek/ifluatex.sty
Package: ifluatex 2010/03/01 v1.3 Provides the ifluatex switch (HO)
Package ifluatex Info: LuaTeX not detected.
)
(/usr/local/texlive/2012/texmf-dist/tex/generic/oberdiek/ifpdf.sty
Package: ifpdf 2011/01/30 v2.3 Provides the ifpdf switch (HO)
Package ifpdf Info: pdfTeX in PDF mode is detected.
)
Package pdftexcmds Info: LuaTeX not detected.
Package pdftexcmds Info: \pdf@primitive is available.
Package pdftexcmds Info: \pdf@ifprimitive is available.
Package pdftexcmds Info: \pdfdraftmode found.
)
(/usr/local/texlive/2012/texmf-dist/tex/latex/oberdiek/epstopdf-base.sty
Package: epstopdf-base 2010/02/09 v2.5 Base part for package epstopdf

(/usr/local/texlive/2012/texmf-dist/tex/latex/oberdiek/grfext.sty
Package: grfext 2010/08/19 v1.1 Manage graphics extensions (HO)

(/usr/local/texlive/2012/texmf-dist/tex/generic/oberdiek/kvdefinekeys.sty
Package: kvdefinekeys 2011/04/07 v1.3 Define keys (HO)
))
(/usr/local/texlive/2012/texmf-dist/tex/latex/oberdiek/kvoptions.sty
Package: kvoptions 2011/06/30 v3.11 Key value format for package options (HO)

(/usr/local/texlive/2012/texmf-dist/tex/generic/oberdiek/kvsetkeys.sty
Package: kvsetkeys 2012/04/25 v1.16 Key value parser (HO)

(/usr/local/texlive/2012/texmf-dist/tex/generic/oberdiek/etexcmds.sty
Package: etexcmds 2011/02/16 v1.5 Avoid name clashes with e-TeX commands (HO)
Package etexcmds Info: Could not find \expanded.
(etexcmds)             That can mean that you are not using pdfTeX 1.50 or
(etexcmds)             that some package has redefined \expanded.
(etexcmds)             In the latter case, load this package earlier.
)))
Package grfext Info: Graphics extension search list:
(grfext)             [.png,.pdf,.jpg,.mps,.jpeg,.jbig2,.jb2,.PNG,.PDF,.JPG,.JPE
G,.JBIG2,.JB2,.eps]
(grfext)             \AppendGraphicsExtensions on input line 452.

(/usr/local/texlive/2012/texmf-dist/tex/latex/latexconfig/epstopdf-sys.cfg
File: epstopdf-sys.cfg 2010/07/13 v1.3 Configuration of (r)epstopdf for TeX Liv
e
))
Package caption Info: Begin \AtBeginDocument code.
Package caption Info: subfig package v1.3 is loaded.
Package caption Info: float package is loaded.
Package caption Info: listings package is loaded.
Package caption Info: End \AtBeginDocument code.
\c@lstlisting=\count155
LaTeX Font Info:    Try loading font information for U+msa on input line 45.

(/usr/local/texlive/2012/texmf-dist/tex/latex/amsfonts/umsa.fd
File: umsa.fd 2009/06/22 v3.00 AMS symbols A
)
LaTeX Font Info:    Try loading font information for U+msb on input line 45.

(/usr/local/texlive/2012/texmf-dist/tex/latex/amsfonts/umsb.fd
File: umsb.fd 2009/06/22 v3.00 AMS symbols B
)
LaTeX Font Info:    Try loading font information for U+lasy on input line 45.

(/usr/local/texlive/2012/texmf-dist/tex/latex/base/ulasy.fd
File: ulasy.fd 1998/08/17 v2.2e LaTeX symbol font definitions
)
LaTeX Font Info:    Try loading font information for T1+pcr on input line 45.

(/usr/local/texlive/2012/texmf-dist/tex/latex/psnfss/t1pcr.fd
File: t1pcr.fd 2001/06/04 font definitions for T1/pcr.
)
Overfull \hbox (6.83115pt too wide) in paragraph at lines 47--58
\T1/ppl/m/n/9 User-based non-repudiation is an in-creas-ingly im-por-tant prop-

 []


Overfull \hbox (13.36507pt too wide) in paragraph at lines 59--66
\T1/ppl/m/n/9 ex-plo-sion. The in-tegrity of log data is guar-an-teed us-ing fo
rward-
 []


Overfull \hbox (12.82501pt too wide) in paragraph at lines 77--85
\T1/ppl/m/n/9 repudiation pur-poses, it is of-ten nec-es-sary to place some amo
unt
 []


Overfull \hbox (4.86015pt too wide) in paragraph at lines 86--96
\T1/ppl/m/n/9 tion and sig-na-ture tech-niques [16]. Symmetric-key and public-
 []


Overfull \hbox (1.85362pt too wide) in paragraph at lines 86--96
\T1/ppl/m/n/9 ity tech-niques pro-posed in the lit-er-a-ture. Un-for-tu-nately,
 these
 []


Overfull \hbox (4.7253pt too wide) in paragraph at lines 86--96
\T1/ppl/m/n/9 sub-set of the log database should be avoided. Both symmetric-
 []


Underfull \vbox (badness 10000) has occurred while \output is active []

 [1{/usr/local/texlive/2012/texmf-var/fonts/map/pdftex/updmap/pdftex.map}


]
Overfull \hbox (3.47398pt too wide) in paragraph at lines 117--127
\T1/ppl/m/n/9 ments for cloud-based ap-pli-ca-tions. Fur-ther-more, the se-lect
ed
 []


Overfull \hbox (4.58945pt too wide) in paragraph at lines 137--147
\T1/ppl/m/n/9 forced us-ing ciphertext-policy attribute-based en-cryp-tion (CP-

 []


Underfull \vbox (badness 10000) has occurred while \output is active []


Overfull \hbox (3.7176pt too wide) in paragraph at lines 155--160
\T1/ppl/m/n/9 which guar-an-tees that log data can-not be forged or re-ar-range
d
 []


Overfull \hbox (2.58374pt too wide) in paragraph at lines 155--160
\T1/ppl/m/n/9 ter a ma-chine has been com-pro-mised (hence, forward-secure). 
 []

LaTeX Font Info:    Font shape `T1/ppl/bx/n' in size <9> not available
(Font)              Font shape `T1/ppl/b/n' tried instead on input line 169.

Overfull \hbox (4.85153pt too wide) in paragraph at lines 172--175
\T1/ppl/m/n/9 mes-sages, this at-tack is im-me-di-ately de-tected. Of course,
 []


Overfull \hbox (5.05882pt too wide) in paragraph at lines 172--175
\T1/ppl/m/n/9 sig-nif-i-cant dam-age and log data mod-i-fi-ca-tion could have
 []


Overfull \hbox (5.05786pt too wide) in paragraph at lines 189--196
[]\T1/ppl/m/n/9 Log file re-li-a-bil-ity, which re-duces to log in-tegrity, is 
achieved
 []


Overfull \hbox (12.43854pt too wide) in paragraph at lines 189--196
\T1/ppl/m/n/9 through hash chains and message-authentication codes (MACs),
 []

[2]
Overfull \hbox (6.52515pt too wide) in paragraph at lines 253--258
\T1/ppl/m/n/9 dif-fer-ent in-tegrity and per-for-mance guar-an-tees. The first 
mode
 []

<images/cpabePolicy.pdf, id=23, 491.8375pt x 487.8225pt>
File: images/cpabePolicy.pdf Graphic file (type pdf)

<use images/cpabePolicy.pdf>
Package pdftex.def Info: images/cpabePolicy.pdf used on input line 318.
(pdftex.def)             Requested size: 108.405pt x 107.5148pt.
 [3]
Overfull \hbox (3.81633pt too wide) in paragraph at lines 329--340
\T1/ppl/m/n/9 and the ac-cess poli-cies for all data as-so-ci-ated with such ev
ents,
 []


Overfull \hbox (14.81396pt too wide) in paragraph at lines 329--340
\T1/ppl/m/n/9 gen-er-at-ing ac-cess poli-cies is de-pen-dent on administrator-d
efined
 []


Overfull \hbox (7.71355pt too wide) in paragraph at lines 342--351
\T1/ppl/m/n/9 needed to en-crypt a log mes-sage is as-so-ci-ated with a randoml
y-
 []


Overfull \hbox (8.74754pt too wide) in paragraph at lines 342--351
\T1/ppl/m/n/9 through-put with-out sac-ri-fic-ing the level of con-fi-den-tial-
ity gran-
 []


LaTeX Warning: `h' float specifier changed to `ht'.


Underfull \vbox (badness 6910) has occurred while \output is active []

 [4 <./images/cpabePolicy.pdf>]
Underfull \hbox (badness 10000) in paragraph at lines 426--427

 []


Overfull \hbox (2.58318pt too wide) in paragraph at lines 462--467
\T1/ppl/m/n/9 store user in-for-ma-tion and pol-icy rules for ABLS, re-spec-tiv
ely. 
 []


Overfull \hbox (5.1661pt too wide) in paragraph at lines 468--473
\T1/ppl/m/n/9 spond-ing ver-i-fi-ca-tion and en-cryp-tion keys in the key datab
ase,
 []


Overfull \hbox (3.05093pt too wide) in paragraph at lines 468--473
\T1/ppl/m/n/9 tion in plain-text may lead to a pri-vacy vi-o-la-tion if the dat
abase
 []

<images/logSchema.png, id=44, 934.49126pt x 477.785pt>
File: images/logSchema.png Graphic file (type png)

<use images/logSchema.png>
Package pdftex.def Info: images/logSchema.png used on input line 496.
(pdftex.def)             Requested size: 361.34999pt x 184.75337pt.

Overfull \hbox (2.07896pt too wide) in paragraph at lines 504--511
[]\T1/ppl/m/n/9 ABLS is de-signed to be a cen-tral-ized log-ging sys-tem backed

 []

[5] <images/deployment.pdf, id=48, 822.07124pt x 877.2775pt>
File: images/deployment.pdf Graphic file (type pdf)

<use images/deployment.pdf>
Package pdftex.def Info: images/deployment.pdf used on input line 514.
(pdftex.def)             Requested size: 361.34999pt x 385.6151pt.

Overfull \hbox (4.06825pt too wide) in paragraph at lines 528--539
\T1/ppl/m/n/9 ac-cess poli-cies, as well as the en-cryp-tion over-head from eve
nts
 []


Overfull \hbox (1.44905pt too wide) in paragraph at lines 528--539
\T1/ppl/m/n/9 newly-generated en-cryp-tion key. There-fore, we con-clude that
 []

Package epstopdf Info: Source file: <images/logPerf.eps>
(epstopdf)                    date: 2013-02-09 23:55:08
(epstopdf)                    size: 9070 bytes
(epstopdf)             Output file: <images/logPerf-eps-converted-to.pdf>
(epstopdf)                    date: 2013-02-10 17:27:01
(epstopdf)                    size: 8630 bytes
(epstopdf)             Command: <epstopdf --outfile=images/logPerf-eps-converte
d-to.pdf images/logPerf.eps>
(epstopdf)             \includegraphics on input line 542.
Package epstopdf Info: Output file is already uptodate.
<images/logPerf-eps-converted-to.pdf, id=49, 494.84875pt x 404.51125pt>
File: images/logPerf-eps-converted-to.pdf Graphic file (type pdf)

<use images/logPerf-eps-converted-to.pdf>
Package pdftex.def Info: images/logPerf-eps-converted-to.pdf used on input line
 542.
(pdftex.def)             Requested size: 216.81pt x 177.22629pt.
Package epstopdf Info: Source file: <images/logPerfDiffEvents.eps>
(epstopdf)                    date: 2013-02-10 00:29:39
(epstopdf)                    size: 9142 bytes
(epstopdf)             Output file: <images/logPerfDiffEvents-eps-converted-to.
pdf>
(epstopdf)                    date: 2013-02-10 17:27:02
(epstopdf)                    size: 8582 bytes
(epstopdf)             Command: <epstopdf --outfile=images/logPerfDiffEvents-ep
s-converted-to.pdf images/logPerfDiffEvents.eps>
(epstopdf)             \includegraphics on input line 550.
Package epstopdf Info: Output file is already uptodate.

<images/logPerfDiffEvents-eps-converted-to.pdf, id=50, 508.90125pt x 404.51125p
t>
File: images/logPerfDiffEvents-eps-converted-to.pdf Graphic file (type pdf)
 <use images/logPerfDiffEvents-eps-converted-to.pdf>
Package pdftex.def Info: images/logPerfDiffEvents-eps-converted-to.pdf used on 
input line 550.
(pdftex.def)             Requested size: 216.81pt x 172.3378pt.

Overfull \hbox (6.6517pt too wide) in paragraph at lines 578--583
\T1/ppl/m/n/9 main, where or-ga-ni-za-tions are re-quired to com-ply with HIPAA

 []

[6 <./images/logSchema.png> <./images/logPerf-eps-converted-to.pdf>]
Overfull \hbox (3.41139pt too wide) in paragraph at lines 584--591
[]\T1/ppl/m/n/9 In such an en-vi-ron-ment, health-care web ap-pli-ca-tions woul
d
 []


Overfull \hbox (14.70651pt too wide) in paragraph at lines 584--591
\T1/ppl/m/n/9 could be au-then-ti-cated us-ing a stan-dard password-based schem
e
 []


Underfull \vbox (badness 10000) has occurred while \output is active []

 [7 <./images/deployment.pdf>]
Overfull \hbox (1.512pt too wide) in paragraph at lines 603--606
\T1/ppl/m/n/9 the ad-min-is-tra-tor is only re-spon-si-ble for up-dat-ing ac-ce
ss poli-
 []


Overfull \hbox (7.89412pt too wide) in paragraph at lines 615--615
[]\secfnt [ABLS-Main] Web Ap-pli-ca-tion Front-End 
 []


Underfull \hbox (badness 10000) in paragraph at lines 630--634

 []


Underfull \hbox (badness 10000) in paragraph at lines 635--637

 []


Underfull \hbox (badness 10000) in paragraph at lines 638--641

 []

<images/logProtocol.pdf, id=77, 397.485pt x 331.2375pt>
File: images/logProtocol.pdf Graphic file (type pdf)

<use images/logProtocol.pdf>
Package pdftex.def Info: images/logProtocol.pdf used on input line 655.
(pdftex.def)             Requested size: 216.81pt x 180.68005pt.
 [8 <./images/logPerfDiffEvents-eps-converted-to.pdf> <./images/logProtocol.pdf
>]
Overfull \hbox (7.58138pt too wide) in paragraph at lines 701--701
[]\secfnt [ABLS-V1/V2/Main] ABLS Con-fig-u-ra-tion
 []


Overfull \hbox (26.40654pt too wide) in paragraph at lines 702--706
\T1/ppl/m/n/9 and net-work set-tings are placed in a con-fig-u-ra-tion file (\T
1/pcr/m/n/9 abls.conf\T1/ppl/m/n/9 )
 []


Overfull \hbox (4.60796pt too wide) in paragraph at lines 746--751
[]\T1/ppl/m/n/9 The cur-rent im-ple-men-ta-tion sup-ports the new log and event

 []

[9]
Overfull \hbox (11.61906pt too wide) in paragraph at lines 772--777
[]\T1/ppl/m/n/9 Finally, we learned that sup-port-ing au-to-mated au-dits throu
gh
 []


Overfull \hbox (5.00378pt too wide) in paragraph at lines 779--786
[]\T1/ppl/m/n/9 While the cur-rent ABLS de-sign pro-vides ef-fi-cient au-to-mat
ed
 []


Overfull \hbox (5.66988pt too wide) in paragraph at lines 787--790
\T1/ppl/m/n/9 line server de-pen-dence for log ver-i-fi-ca-tion and tem-po-ral 
(time-
 []


Overfull \hbox (1.57527pt too wide) in paragraph at lines 796--802
\T1/ppl/m/n/9 map to the un-der-ly-ing sys-tem ar-chi-tec-ture and re-la-tional
 data
 []

(./abls.bbl [10]) [11] (./abls.aux) ) 
Here is how much of TeX's memory you used:
 7665 strings out of 493488
 111471 string characters out of 3141326
 198923 words of memory out of 3000000
 10789 multiletter control sequences out of 15000+200000
 48046 words of font info for 63 fonts, out of 3000000 for 9000
 957 hyphenation exceptions out of 8191
 44i,12n,42p,498b,1294s stack positions out of 5000i,500n,10000p,200000b,50000s
{/usr/local/texlive/2012/texmf-dist/fonts/
enc/dvips/base/8r.enc}</usr/local/texlive/2012/texmf-dist/fonts/type1/public/am
sfonts/cm/cmmi5.pfb></usr/local/texlive/2012/texmf-dist/fonts/type1/public/amsf
onts/cm/cmmi6.pfb></usr/local/texlive/2012/texmf-dist/fonts/type1/public/amsfon
ts/cm/cmmi9.pfb></usr/local/texlive/2012/texmf-dist/fonts/type1/public/amsfonts
/cm/cmr5.pfb></usr/local/texlive/2012/texmf-dist/fonts/type1/public/amsfonts/cm
/cmr6.pfb></usr/local/texlive/2012/texmf-dist/fonts/type1/public/amsfonts/cm/cm
r9.pfb></usr/local/texlive/2012/texmf-dist/fonts/type1/public/amsfonts/cm/cmsy6
.pfb></usr/local/texlive/2012/texmf-dist/fonts/type1/public/amsfonts/cm/cmsy9.p
fb></usr/local/texlive/2012/texmf-dist/fonts/type1/public/amsfonts/symbols/msbm
10.pfb></usr/local/texlive/2012/texmf-dist/fonts/type1/urw/courier/ucrr8a.pfb><
/usr/local/texlive/2012/texmf-dist/fonts/type1/urw/helvetic/uhvb8a.pfb></usr/lo
cal/texlive/2012/texmf-dist/fonts/type1/urw/helvetic/uhvr8a.pfb></usr/local/tex
live/2012/texmf-dist/fonts/type1/urw/palatino/uplb8a.pfb></usr/local/texlive/20
12/texmf-dist/fonts/type1/urw/palatino/uplr8a.pfb></usr/local/texlive/2012/texm
f-dist/fonts/type1/urw/palatino/uplri8a.pfb></usr/local/texlive/2012/texmf-dist
/fonts/type1/urw/times/utmb8a.pfb></usr/local/texlive/2012/texmf-dist/fonts/typ
e1/urw/times/utmr8a.pfb>
Output written on abls.pdf (11 pages, 360070 bytes).
PDF statistics:
 163 PDF objects out of 1000 (max. 8388607)
 115 compressed objects within 2 object streams
 0 named destinations out of 1000 (max. 500000)
 31 words of extra memory for PDF output out of 10000 (max. 10000000)

